<?xml version="1.0" encoding="UTF-8"?>
<!-- Generated by org.testng.reporters.JUnitReportReporter -->
<testsuite hostname="Harmeet-PC" failures="0" tests="2" name="com.kayak.AutomationProject.Test_Search" time="74.941" errors="0" timestamp="27 Apr 2020 05:29:13 GMT" skipped="0">
  <testcase classname="com.kayak.AutomationProject.Test_Search" name="TestSearch" time="35.567"/>
  <testcase classname="com.kayak.AutomationProject.Test_Search" name="TestSearch" time="39.374"/>
</testsuite> <!-- com.kayak.AutomationProject.Test_Search -->
